Build started 2014/5/9 17:01:45.
     1>Project "J:\Users\Eric\Documents\myDocument\大三下\HeartStoneHack\TestAutoit\ParseCardsDll\ParseCardsDll.vcxproj" on node 2 (Build target(s)).
     1>ClCompile:
         J:\Program Files\Microsoft Visual Studio 11.0\VC\bin\CL.exe /c /ZI /nologo /W3 /WX- /sdl /Od /Oy- /D WIN32 /D _DEBUG /D _WINDOWS /D _USRDLL /D PARSECARDSDLL_EXPORTS /D _CRT_SECURE_NO_WARNINGS /D _WINDLL /D _MBCS /Gm /EHsc /RTC1 /MDd /GS /fp:precise /Zc:wchar_t /Zc:forScope /Yu"stdafx.h" /Fp"Debug\ParseCardsDll.pch" /Fo"Debug\\" /Fd"Debug\vc110.pdb" /Gd /TP /analyze- /errorReport:prompt ..\TestAutoit\TestAutoit.cpp ParseCardsDll.cpp
         ParseCardsDll.cpp
     1>j:\users\eric\documents\mydocument\大三下\heartstonehack\testautoit\parsecardsdll\parsecardsdll.cpp(62): warning C4018: '<' : signed/unsigned mismatch
         TestAutoit.cpp
     1>j:\users\eric\documents\mydocument\大三下\heartstonehack\testautoit\testautoit\testautoit.cpp(357): warning C4018: '<' : signed/unsigned mismatch
     1>j:\users\eric\documents\mydocument\大三下\heartstonehack\testautoit\testautoit\testautoit.cpp(379): warning C4018: '<' : signed/unsigned mismatch
     1>j:\users\eric\documents\mydocument\大三下\heartstonehack\testautoit\testautoit\testautoit.cpp(417): warning C4018: '<' : signed/unsigned mismatch
     1>j:\users\eric\documents\mydocument\大三下\heartstonehack\testautoit\testautoit\testautoit.cpp(484): warning C4244: 'argument' : conversion from 'double' to 'unsigned int', possible loss of data
     1>j:\users\eric\documents\mydocument\大三下\heartstonehack\testautoit\testautoit\testautoit.cpp(963): warning C4018: '<' : signed/unsigned mismatch
     1>j:\users\eric\documents\mydocument\大三下\heartstonehack\testautoit\testautoit\testautoit.cpp(1047): warning C4018: '<' : signed/unsigned mismatch
     1>j:\users\eric\documents\mydocument\大三下\heartstonehack\testautoit\testautoit\testautoit.cpp(1079): warning C4018: '<' : signed/unsigned mismatch
     1>j:\users\eric\documents\mydocument\大三下\heartstonehack\testautoit\testautoit\testautoit.cpp(1149): warning C4018: '<' : signed/unsigned mismatch
     1>j:\users\eric\documents\mydocument\大三下\heartstonehack\testautoit\testautoit\testautoit.cpp(1164): warning C4018: '<' : signed/unsigned mismatch
     1>j:\users\eric\documents\mydocument\大三下\heartstonehack\testautoit\testautoit\testautoit.cpp(1169): warning C4018: '<' : signed/unsigned mismatch
     1>j:\users\eric\documents\mydocument\大三下\heartstonehack\testautoit\testautoit\testautoit.cpp(1185): warning C4018: '<' : signed/unsigned mismatch
     1>j:\users\eric\documents\mydocument\大三下\heartstonehack\testautoit\testautoit\testautoit.cpp(1199): warning C4018: '<' : signed/unsigned mismatch
     1>j:\users\eric\documents\mydocument\大三下\heartstonehack\testautoit\testautoit\testautoit.cpp(1241): warning C4018: '<' : signed/unsigned mismatch
     1>j:\users\eric\documents\mydocument\大三下\heartstonehack\testautoit\testautoit\testautoit.cpp(1424): warning C4018: '<' : signed/unsigned mismatch
     1>j:\users\eric\documents\mydocument\大三下\heartstonehack\testautoit\testautoit\testautoit.cpp(1431): warning C4018: '<' : signed/unsigned mismatch
     1>j:\users\eric\documents\mydocument\大三下\heartstonehack\testautoit\testautoit\testautoit.cpp(1530): warning C4018: '<' : signed/unsigned mismatch
     1>j:\users\eric\documents\mydocument\大三下\heartstonehack\testautoit\testautoit\testautoit.cpp(1553): warning C4018: '<' : signed/unsigned mismatch
     1>j:\users\eric\documents\mydocument\大三下\heartstonehack\testautoit\testautoit\testautoit.cpp(1555): warning C4800: 'int' : forcing value to bool 'true' or 'false' (performance warning)
     1>j:\users\eric\documents\mydocument\大三下\heartstonehack\testautoit\testautoit\testautoit.cpp(1558): warning C4018: '<' : signed/unsigned mismatch
     1>j:\users\eric\documents\mydocument\大三下\heartstonehack\testautoit\testautoit\testautoit.cpp(1560): warning C4800: 'int' : forcing value to bool 'true' or 'false' (performance warning)
     1>j:\users\eric\documents\mydocument\大三下\heartstonehack\testautoit\testautoit\testautoit.cpp(1583): warning C4018: '<' : signed/unsigned mismatch
     1>j:\users\eric\documents\mydocument\大三下\heartstonehack\testautoit\testautoit\testautoit.cpp(1672): warning C4018: '<' : signed/unsigned mismatch
     1>j:\users\eric\documents\mydocument\大三下\heartstonehack\testautoit\testautoit\testautoit.cpp(1700): warning C4018: '<' : signed/unsigned mismatch
     1>j:\users\eric\documents\mydocument\大三下\heartstonehack\testautoit\testautoit\testautoit.cpp(18): warning C4018: '<' : signed/unsigned mismatch
                 j:\users\eric\documents\mydocument\大三下\heartstonehack\testautoit\testautoit\testautoit.cpp(1587) : see reference to function template instantiation 'void printArr<Attack>(const std::vector<_Ty> &)' being compiled
                 with
                 [
                     _Ty=Attack
                 ]
         Generating Code...
       Link:
         J:\Program Files\Microsoft Visual Studio 11.0\VC\bin\link.exe /ERRORREPORT:PROMPT /OUT:"J:\Users\Eric\Documents\myDocument\大三下\HeartStoneHack\TestAutoit\Debug\ParseCardsDll.dll" /INCREMENTAL /NOLOGO kernel32.lib user32.lib gdi32.lib winspool.lib comdlg32.lib advapi32.lib shell32.lib ole32.lib oleaut32.lib uuid.lib odbc32.lib odbccp32.lib /MANIFEST /MANIFESTUAC:"level='asInvoker' uiAccess='false'" /manifest:embed /DEBUG /PDB:"J:\Users\Eric\Documents\myDocument\大三下\HeartStoneHack\TestAutoit\Debug\ParseCardsDll.pdb" /SUBSYSTEM:WINDOWS /TLBID:1 /DYNAMICBASE /NXCOMPAT /IMPLIB:"J:\Users\Eric\Documents\myDocument\大三下\HeartStoneHack\TestAutoit\Debug\ParseCardsDll.lib" /MACHINE:X86 /DLL Debug\TestAutoit.obj
         Debug\dllmain.obj
         Debug\ParseCardsDll.obj
         Debug\stdafx.obj
            Creating library J:\Users\Eric\Documents\myDocument\大三下\HeartStoneHack\TestAutoit\Debug\ParseCardsDll.lib and object J:\Users\Eric\Documents\myDocument\大三下\HeartStoneHack\TestAutoit\Debug\ParseCardsDll.exp
     1>ParseCardsDll.obj : error LNK2019: unresolved external symbol "public: void __thiscall PlayerInfo::getStr(char *)" (?getStr@PlayerInfo@@QAEXPAD@Z) referenced in function _parseImg@8
     1>J:\Users\Eric\Documents\myDocument\大三下\HeartStoneHack\TestAutoit\Debug\ParseCardsDll.dll : fatal error LNK1120: 1 unresolved externals
     1>Done Building Project "J:\Users\Eric\Documents\myDocument\大三下\HeartStoneHack\TestAutoit\ParseCardsDll\ParseCardsDll.vcxproj" (Build target(s)) -- FAILED.

Build FAILED.

Time Elapsed 00:00:40.32
